This is pdfTeX, Version 3.1415926-2.3-1.40.12 (TeX Live 2011) (format=pdflatex 2011.7.3)  27 APR 2012 00:18
entering extended mode
 restricted \write18 enabled.
 %&-line parsing enabled.
**\input thesis.tex
(./thesis.tex (./reedthesis.cls
Document Class: reedthesis 2004/01/27 The Reed College Thesis Class
(/usr/local/texlive/2011/texmf-dist/tex/latex/base/book.cls
Document Class: book 2007/10/19 v1.4h Standard LaTeX document class
(/usr/local/texlive/2011/texmf-dist/tex/latex/base/bk12.clo
File: bk12.clo 2007/10/19 v1.4h Standard LaTeX file (size option)
)
\c@part=\count79
\c@chapter=\count80
\c@section=\count81
\c@subsection=\count82
\c@subsubsection=\count83
\c@paragraph=\count84
\c@subparagraph=\count85
\c@figure=\count86
\c@table=\count87
\abovecaptionskip=\skip41
\belowcaptionskip=\skip42
\bibindent=\dimen102
)
(/usr/local/texlive/2011/texmf-dist/tex/latex/fancyhdr/fancyhdr.sty
\fancy@headwidth=\skip43
\f@ncyO@elh=\skip44
\f@ncyO@erh=\skip45
\f@ncyO@olh=\skip46
\f@ncyO@orh=\skip47
\f@ncyO@elf=\skip48
\f@ncyO@erf=\skip49
\f@ncyO@olf=\skip50
\f@ncyO@orf=\skip51
))
(/usr/local/texlive/2011/texmf-dist/tex/latex/graphics/graphicx.sty
Package: graphicx 1999/02/16 v1.0f Enhanced LaTeX Graphics (DPC,SPQR)

(/usr/local/texlive/2011/texmf-dist/tex/latex/graphics/keyval.sty
Package: keyval 1999/03/16 v1.13 key=value parser (DPC)
\KV@toks@=\toks14
)
(/usr/local/texlive/2011/texmf-dist/tex/latex/graphics/graphics.sty
Package: graphics 2009/02/05 v1.0o Standard LaTeX Graphics (DPC,SPQR)

(/usr/local/texlive/2011/texmf-dist/tex/latex/graphics/trig.sty
Package: trig 1999/03/16 v1.09 sin cos tan (DPC)
)
(/usr/local/texlive/2011/texmf-dist/tex/latex/latexconfig/graphics.cfg
File: graphics.cfg 2010/04/23 v1.9 graphics configuration of TeX Live
)
Package graphics Info: Driver file: pdftex.def on input line 91.

(/usr/local/texlive/2011/texmf-dist/tex/latex/pdftex-def/pdftex.def
File: pdftex.def 2011/05/27 v0.06d Graphics/color for pdfTeX

(/usr/local/texlive/2011/texmf-dist/tex/generic/oberdiek/infwarerr.sty
Package: infwarerr 2010/04/08 v1.3 Providing info/warning/message (HO)
)
(/usr/local/texlive/2011/texmf-dist/tex/generic/oberdiek/ltxcmds.sty
Package: ltxcmds 2011/04/18 v1.20 LaTeX kernel commands for general use (HO)
)
\Gread@gobject=\count88
))
\Gin@req@height=\dimen103
\Gin@req@width=\dimen104
)
(/usr/local/texlive/2011/texmf-dist/tex/latex/base/latexsym.sty
Package: latexsym 1998/08/17 v2.2e Standard LaTeX package (lasy symbols)
\symlasy=\mathgroup4
LaTeX Font Info:    Overwriting symbol font `lasy' in version `bold'
(Font)                  U/lasy/m/n --> U/lasy/b/n on input line 47.
)
(/usr/local/texlive/2011/texmf-dist/tex/latex/amsfonts/amssymb.sty
Package: amssymb 2009/06/22 v3.00

(/usr/local/texlive/2011/texmf-dist/tex/latex/amsfonts/amsfonts.sty
Package: amsfonts 2009/06/22 v3.00 Basic AMSFonts support
\@emptytoks=\toks15
\symAMSa=\mathgroup5
\symAMSb=\mathgroup6
LaTeX Font Info:    Overwriting math alphabet `\mathfrak' in version `bold'
(Font)                  U/euf/m/n --> U/euf/b/n on input line 96.
))
(/usr/local/texlive/2011/texmf-dist/tex/latex/amscls/amsthm.sty
Package: amsthm 2009/07/02 v2.20.1
\thm@style=\toks16
\thm@bodyfont=\toks17
\thm@headfont=\toks18
\thm@notefont=\toks19
\thm@headpunct=\toks20
\thm@preskip=\skip52
\thm@postskip=\skip53
\thm@headsep=\skip54
\dth@everypar=\toks21
)
(/usr/local/texlive/2011/texmf-dist/tex/latex/amsmath/amsmath.sty
Package: amsmath 2000/07/18 v2.13 AMS math features
\@mathmargin=\skip55

For additional information on amsmath, use the `?' option.
(/usr/local/texlive/2011/texmf-dist/tex/latex/amsmath/amstext.sty
Package: amstext 2000/06/29 v2.01

(/usr/local/texlive/2011/texmf-dist/tex/latex/amsmath/amsgen.sty
File: amsgen.sty 1999/11/30 v2.0
\@emptytoks=\toks22
\ex@=\dimen105
))
(/usr/local/texlive/2011/texmf-dist/tex/latex/amsmath/amsbsy.sty
Package: amsbsy 1999/11/29 v1.2d
\pmbraise@=\dimen106
)
(/usr/local/texlive/2011/texmf-dist/tex/latex/amsmath/amsopn.sty
Package: amsopn 1999/12/14 v2.01 operator names
)
\inf@bad=\count89
LaTeX Info: Redefining \frac on input line 211.
\uproot@=\count90
\leftroot@=\count91
LaTeX Info: Redefining \overline on input line 307.
\classnum@=\count92
\DOTSCASE@=\count93
LaTeX Info: Redefining \ldots on input line 379.
LaTeX Info: Redefining \dots on input line 382.
LaTeX Info: Redefining \cdots on input line 467.
\Mathstrutbox@=\box26
\strutbox@=\box27
\big@size=\dimen107
LaTeX Font Info:    Redeclaring font encoding OML on input line 567.
LaTeX Font Info:    Redeclaring font encoding OMS on input line 568.
\macc@depth=\count94
\c@MaxMatrixCols=\count95
\dotsspace@=\muskip10
\c@parentequation=\count96
\dspbrk@lvl=\count97
\tag@help=\toks23
\row@=\count98
\column@=\count99
\maxfields@=\count100
\andhelp@=\toks24
\eqnshift@=\dimen108
\alignsep@=\dimen109
\tagshift@=\dimen110
\tagwidth@=\dimen111
\totwidth@=\dimen112
\lineht@=\dimen113
\@envbody=\toks25
\multlinegap=\skip56
\multlinetaggap=\skip57
\mathdisplay@stack=\toks26
LaTeX Info: Redefining \[ on input line 2666.
LaTeX Info: Redefining \] on input line 2667.
)
(/usr/local/texlive/2011/texmf-dist/tex/latex/tools/longtable.sty
Package: longtable 2004/02/01 v4.11 Multi-page Table package (DPC)
\LTleft=\skip58
\LTright=\skip59
\LTpre=\skip60
\LTpost=\skip61
\LTchunksize=\count101
\LTcapwidth=\dimen114
\LT@head=\box28
\LT@firsthead=\box29
\LT@foot=\box30
\LT@lastfoot=\box31
\LT@cols=\count102
\LT@rows=\count103
\c@LT@tables=\count104
\c@LT@chunks=\count105
\LT@p@ftn=\toks27
)
(/usr/local/texlive/2011/texmf-dist/tex/latex/booktabs/booktabs.sty
Package: booktabs 2005/04/14 v1.61803 publication quality tables
\heavyrulewidth=\dimen115
\lightrulewidth=\dimen116
\cmidrulewidth=\dimen117
\belowrulesep=\dimen118
\belowbottomsep=\dimen119
\aboverulesep=\dimen120
\abovetopsep=\dimen121
\cmidrulesep=\dimen122
\cmidrulekern=\dimen123
\defaultaddspace=\dimen124
\@cmidla=\count106
\@cmidlb=\count107
\@aboverulesep=\dimen125
\@belowrulesep=\dimen126
\@thisruleclass=\count108
\@lastruleclass=\count109
\@thisrulewidth=\dimen127
)
(/usr/local/texlive/2011/texmf-dist/tex/latex/setspace/setspace.sty
Package: setspace 2000/12/01 6.7 Contributed and Supported LaTeX2e package

Package: `setspace' 6.7 <2000/12/01>
) (/usr/local/texlive/2011/texmf-dist/tex/latex/eqnarray/eqnarray.sty
equationarray 1.3 <December 1, 2010>
Package: eqnarray 
(/usr/local/texlive/2011/texmf-dist/tex/latex/tools/array.sty
Package: array 2008/09/09 v2.4c Tabular extension package (FMi)
\col@sep=\dimen128
\extrarowheight=\dimen129
\NC@list=\toks28
\extratabsurround=\skip62
\backup@length=\skip63
)
\@eqargcnt=\count110
)
(/usr/local/texlive/2011/texmf-dist/tex/latex/url/url.sty
\Urlmuskip=\muskip11
Package: url 2006/04/12  ver 3.3  Verb mode for urls, etc.
)
(/usr/local/texlive/2011/texmf-dist/tex/latex/underscore/underscore.sty
Package: underscore 2006/09/13
LaTeX Info: Redefining \_ on input line 42.
)
(/usr/local/texlive/2011/texmf-dist/tex/latex/natbib/natbib.sty
Package: natbib 2010/09/13 8.31b (PWD, AO)
\bibhang=\skip64
\bibsep=\skip65
LaTeX Info: Redefining \cite on input line 694.
\c@NAT@ctr=\count111
)
(/usr/local/texlive/2011/texmf-dist/tex/latex/tools/verbatim.sty
Package: verbatim 2003/08/22 v1.5q LaTeX2e package for verbatim enhancements
\every@verbatim=\toks29
\verbatim@line=\toks30
\verbatim@in@stream=\read1
)
(/usr/local/texlive/2011/texmf-dist/tex/latex/algorithms/algorithm.sty
Package: algorithm 2009/08/24 v0.1 Document Style `algorithm' - floating enviro
nment

(/usr/local/texlive/2011/texmf-dist/tex/latex/float/float.sty
Package: float 2001/11/08 v1.3d Float enhancements (AL)
\c@float@type=\count112
\float@exts=\toks31
\float@box=\box32
\@float@everytoks=\toks32
\@floatcapt=\box33
)
(/usr/local/texlive/2011/texmf-dist/tex/latex/base/ifthen.sty
Package: ifthen 2001/05/26 v1.1c Standard LaTeX ifthen package (DPC)
)
\@float@every@algorithm=\toks33
\c@algorithm=\count113
)
(/usr/local/texlive/2011/texmf-dist/tex/latex/algorithms/algorithmic.sty
Package: algorithmic 2009/08/24 v0.1 Document Style `algorithmic'
\c@ALC@unique=\count114
\c@ALC@line=\count115
\c@ALC@rem=\count116
\c@ALC@depth=\count117
\ALC@tlm=\skip66
\algorithmicindent=\skip67
)
(./thesis.aux

LaTeX Warning: Label `mmd' multiply defined.


LaTeX Warning: Label `alg:pbf' multiply defined.

)
\openout1 = `thesis.aux'.

LaTeX Font Info:    Checking defaults for OML/cmm/m/it on input line 33.
LaTeX Font Info:    ... okay on input line 33.
LaTeX Font Info:    Checking defaults for T1/cmr/m/n on input line 33.
LaTeX Font Info:    ... okay on input line 33.
LaTeX Font Info:    Checking defaults for OT1/cmr/m/n on input line 33.
LaTeX Font Info:    ... okay on input line 33.
LaTeX Font Info:    Checking defaults for OMS/cmsy/m/n on input line 33.
LaTeX Font Info:    ... okay on input line 33.
LaTeX Font Info:    Checking defaults for OMX/cmex/m/n on input line 33.
LaTeX Font Info:    ... okay on input line 33.
LaTeX Font Info:    Checking defaults for U/cmr/m/n on input line 33.
LaTeX Font Info:    ... okay on input line 33.
 (/usr/local/texlive/2011/texmf-dist/tex/context/base/supp-pdf.mkii
[Loading MPS to PDF converter (version 2006.09.02).]
\scratchcounter=\count118
\scratchdimen=\dimen130
\scratchbox=\box34
\nofMPsegments=\count119
\nofMParguments=\count120
\everyMPshowfont=\toks34
\MPscratchCnt=\count121
\MPscratchDim=\dimen131
\MPnumerator=\count122
\makeMPintoPDFobject=\count123
\everyMPtoPDFconversion=\toks35
) (/usr/local/texlive/2011/texmf-dist/tex/generic/oberdiek/pdftexcmds.sty
Package: pdftexcmds 2011/04/22 v0.16 Utilities of pdfTeX for LuaTeX (HO)

(/usr/local/texlive/2011/texmf-dist/tex/generic/oberdiek/ifluatex.sty
Package: ifluatex 2010/03/01 v1.3 Provides the ifluatex switch (HO)
Package ifluatex Info: LuaTeX not detected.
)
(/usr/local/texlive/2011/texmf-dist/tex/generic/oberdiek/ifpdf.sty
Package: ifpdf 2011/01/30 v2.3 Provides the ifpdf switch (HO)
Package ifpdf Info: pdfTeX in PDF mode is detected.
)
Package pdftexcmds Info: LuaTeX not detected.
Package pdftexcmds Info: \pdf@primitive is available.
Package pdftexcmds Info: \pdf@ifprimitive is available.
Package pdftexcmds Info: \pdfdraftmode found.
)
(/usr/local/texlive/2011/texmf-dist/tex/latex/oberdiek/epstopdf-base.sty
Package: epstopdf-base 2010/02/09 v2.5 Base part for package epstopdf

(/usr/local/texlive/2011/texmf-dist/tex/latex/oberdiek/grfext.sty
Package: grfext 2010/08/19 v1.1 Managing graphics extensions (HO)

(/usr/local/texlive/2011/texmf-dist/tex/generic/oberdiek/kvdefinekeys.sty
Package: kvdefinekeys 2011/04/07 v1.3 Defining keys (HO)
))
(/usr/local/texlive/2011/texmf-dist/tex/latex/oberdiek/kvoptions.sty
Package: kvoptions 2010/12/23 v3.10 Keyval support for LaTeX options (HO)

(/usr/local/texlive/2011/texmf-dist/tex/generic/oberdiek/kvsetkeys.sty
Package: kvsetkeys 2011/04/07 v1.13 Key value parser (HO)

(/usr/local/texlive/2011/texmf-dist/tex/generic/oberdiek/etexcmds.sty
Package: etexcmds 2011/02/16 v1.5 Prefix for e-TeX command names (HO)
Package etexcmds Info: Could not find \expanded.
(etexcmds)             That can mean that you are not using pdfTeX 1.50 or
(etexcmds)             that some package has redefined \expanded.
(etexcmds)             In the latter case, load this package earlier.
)))
Package grfext Info: Graphics extension search list:
(grfext)             [.png,.pdf,.jpg,.mps,.jpeg,.jbig2,.jb2,.PNG,.PDF,.JPG,.JPE
G,.JBIG2,.JB2,.eps]
(grfext)             \AppendGraphicsExtensions on input line 452.

(/usr/local/texlive/2011/texmf-dist/tex/latex/latexconfig/epstopdf-sys.cfg
File: epstopdf-sys.cfg 2010/07/13 v1.3 Configuration of (r)epstopdf for TeX Liv
e
))
LaTeX Font Info:    Try loading font information for U+lasy on input line 35.

(/usr/local/texlive/2011/texmf-dist/tex/latex/base/ulasy.fd
File: ulasy.fd 1998/08/17 v2.2e LaTeX symbol font definitions
)
LaTeX Font Info:    Try loading font information for U+msa on input line 35.

(/usr/local/texlive/2011/texmf-dist/tex/latex/amsfonts/umsa.fd
File: umsa.fd 2009/06/22 v3.00 AMS symbols A
)
LaTeX Font Info:    Try loading font information for U+msb on input line 35.

(/usr/local/texlive/2011/texmf-dist/tex/latex/amsfonts/umsb.fd
File: umsb.fd 2009/06/22 v3.00 AMS symbols B
) [1
Non-PDF special ignored!
Non-PDF special ignored!


{/usr/local/texlive/2011/texmf-var/fonts/map/pdftex/updmap/pdftex.map}] [2

] [3] [4

] (./thesis.toc [1


])
\tf@toc=\write3
\openout3 = `thesis.toc'.

 [2] [1


] [2

]
Chapter 1.
<directedex.pdf, id=30, 216.81pt x 216.81pt>
File: directedex.pdf Graphic file (type pdf)
 <use directedex.pdf>
Package pdftex.def Info: directedex.pdf used on input line 71.
(pdftex.def)             Requested size: 216.80946pt x 216.80946pt.
 [3 <./directedex.pdf>] <SimpleGraph.pdf, id=62, 216.81pt x 216.81pt>
File: SimpleGraph.pdf Graphic file (type pdf)
 <use SimpleGraph.pdf>
Package pdftex.def Info: SimpleGraph.pdf used on input line 85.
(pdftex.def)             Requested size: 162.60709pt x 162.60709pt.


Package Fancyhdr Warning: \headheight is too small (12.0pt): 
 Make it at least 14.49998pt.
 We now make it that large for the rest of the document.
 This may cause the page layout to be inconsistent, however.

[4 <./SimpleGraph.pdf>] [5]
LaTeX Font Info:    Try loading font information for OMS+cmr on input line 134.


(/usr/local/texlive/2011/texmf-dist/tex/latex/base/omscmr.fd
File: omscmr.fd 1999/05/25 v2.5h Standard LaTeX font definitions
)
LaTeX Font Info:    Font shape `OMS/cmr/m/n' in size <12> not available
(Font)              Font shape `OMS/cmsy/m/n' tried instead on input line 134.
 [6] [7] [8]
[9] [10]
Overfull \hbox (44.74603pt too wide) in paragraph at lines 325--326
\OT1/cmr/m/n/12 con-tains three non-atomic op-er-a-tions. The calls \OT1/cmtt/m
/n/12 queue.insert \OT1/cmr/m/n/12 on line 3, \OT1/cmtt/m/n/12 queue.setPrirori
ty
 []

[11] [12]
Chapter 2.
<graphicspipeline.pdf, id=122, 361.35pt x 144.54pt>
File: graphicspipeline.pdf Graphic file (type pdf)
 <use graphicspipeline.pdf>
Package pdftex.def Info: graphicspipeline.pdf used on input line 376.
(pdftex.def)             Requested size: 361.34912pt x 144.53963pt.


LaTeX Warning: `h' float specifier changed to `ht'.

[13

]
Overfull \hbox (3.96875pt too wide) in paragraph at lines 396--397
[]\OT1/cmr/m/n/12 The GPU takes an en-tirely dif-fer-ent ap-proach to im-ple-me
nt-ing the graph-ics pipeline.
 []

[14 <./graphicspipeline.pdf>] [15] <basicgpu.pdf, id=155, 722.7pt x 325.215pt>
File: basicgpu.pdf Graphic file (type pdf)

<use basicgpu.pdf>
Package pdftex.def Info: basicgpu.pdf used on input line 419.
(pdftex.def)             Requested size: 361.3491pt x 162.6071pt.

Overfull \hbox (11.38803pt too wide) in paragraph at lines 425--426
[]\OT1/cmr/m/n/12 Figure 2.2.1[] de-picts the im-por-tant ar-chi-tec-tural fea-
tures of a mod-ern CUDA/OpenCL
 []

[16 <./basicgpu.pdf>] <streamingmp.pdf, id=181, 216.81pt x 216.81pt>
File: streamingmp.pdf Graphic file (type pdf)

<use streamingmp.pdf>
Package pdftex.def Info: streamingmp.pdf used on input line 440.
(pdftex.def)             Requested size: 216.80946pt x 216.80946pt.
 [17 <./streamingmp.pdf>] [18]
Underfull \vbox (badness 3058) has occurred while \output is active []

 [19]
[20]
Chapter 3.
[21

] <WorkGroups.pdf, id=223, 361.35pt x 505.89pt>
File: WorkGroups.pdf Graphic file (type pdf)
 <use WorkGroups.pdf>
Package pdftex.def Info: WorkGroups.pdf used on input line 503.
(pdftex.def)             Requested size: 361.34912pt x 505.88875pt.


LaTeX Warning: `!h' float specifier changed to `!ht'.

[22]
Underfull \vbox (badness 10000) has occurred while \output is active []

 [23 <./WorkGroups.pdf>] [24] <SimpleCoalescedLoad.pdf, id=256, 578.16pt x 144.
54pt>
File: SimpleCoalescedLoad.pdf Graphic file (type pdf)

<use SimpleCoalescedLoad.pdf>
Package pdftex.def Info: SimpleCoalescedLoad.pdf used on input line 557.
(pdftex.def)             Requested size: 393.1436pt x 98.28587pt.


LaTeX Warning: `!h' float specifier changed to `!ht'.

[25] <NoGo.pdf, id=261, 578.16pt x 144.54pt>
File: NoGo.pdf Graphic file (type pdf)
 <use NoGo.pdf>
Package pdftex.def Info: NoGo.pdf used on input line 571.
(pdftex.def)             Requested size: 393.1436pt x 98.28587pt.
 [26 <./SimpleCoalescedLoad.pdf> <./NoGo.pdf>] [27] [28] [29] [30

]
Chapter 4.
<mmdiagram.pdf, id=323, 216.81pt x 216.81pt>
File: mmdiagram.pdf Graphic file (type pdf)
 <use mmdiagram.pdf>
Package pdftex.def Info: mmdiagram.pdf used on input line 637.
(pdftex.def)             Requested size: 216.80946pt x 216.80946pt.


LaTeX Warning: `!h' float specifier changed to `!ht'.

[31]

LaTeX Warning: `!h' float specifier changed to `!ht'.

[32 <./mmdiagram.pdf>]

LaTeX Warning: `!h' float specifier changed to `!ht'.


Underfull \vbox (badness 10000) has occurred while \output is active []

 [33]
[34]

LaTeX Warning: `!h' float specifier changed to `!ht'.

<avoidbankconflict.pdf, id=358, 397.485pt x 216.81pt>
File: avoidbankconflict.pdf Graphic file (type pdf)

<use avoidbankconflict.pdf>
Package pdftex.def Info: avoidbankconflict.pdf used on input line 792.
(pdftex.def)             Requested size: 397.48402pt x 216.80946pt.


LaTeX Warning: `!h' float specifier changed to `!ht'.


Underfull \vbox (badness 10000) has occurred while \output is active []

 [35]

LaTeX Warning: Text page 36 contains only floats.


Overfull \vbox (0.3293pt too high) has occurred while \output is active []


[36 <./avoidbankconflict.pdf>] [37]
Overfull \hbox (39.57935pt too wide) in paragraph at lines 840--841
[]\OT1/cmr/m/n/12 Like the \OT1/cmtt/m/n/12 prefix-sums \OT1/cmr/m/n/12 op-er-a
-tion\OT1/cmtt/m/n/12 parallel-left-fold \OT1/cmr/m/n/12 takes a se-quence $\OM
L/cmm/m/it/12 a \OT1/cmr/m/n/12 = \OML/cmm/m/it/12 a[]; a[]; a[]; [] a[]$
 []

<parallel-left-fold-tree.pdf, id=392, 397.485pt x 216.81pt>
File: parallel-left-fold-tree.pdf Graphic file (type pdf)

<use parallel-left-fold-tree.pdf>
Package pdftex.def Info: parallel-left-fold-tree.pdf used on input line 872.
(pdftex.def)             Requested size: 397.48402pt x 216.80946pt.
 [38]

LaTeX Warning: `!h' float specifier changed to `!ht'.


Underfull \vbox (badness 2564) has occurred while \output is active []

 [39 <./parallel-left-fold-tree.pdf>] <correctsums.pdf, id=421, 578.16pt x 216.
81pt>
File: correctsums.pdf Graphic file (type pdf)

<use correctsums.pdf>
Package pdftex.def Info: correctsums.pdf used on input line 904.
(pdftex.def)             Requested size: 433.61893pt x 162.60709pt.
 [40 <./correctsums.pdf>]
<naivepsums.pdf, id=446, 397.485pt x 216.81pt>
File: naivepsums.pdf Graphic file (type pdf)
 <use naivepsums.pdf>
Package pdftex.def Info: naivepsums.pdf used on input line 929.
(pdftex.def)             Requested size: 397.48402pt x 216.80946pt.
 [41 <./naivepsums.pdf>] [42] [43]
Overfull \hbox (49.22229pt too wide) in paragraph at lines 1015--1016
[]\OT1/cmr/m/n/12 The pseudo-code la-beled Al-go-rithm 9[] pro-vides an im-ple-
men-ta-tion of \OT1/cmtt/m/n/12 parallel-prefix-sums
 []


LaTeX Warning: `!h' float specifier changed to `!ht'.

[44]
Overfull \hbox (41.86615pt too wide) in paragraph at lines 1057--1059
\OT1/cmr/m/n/12 tree, so the to-tal work per-formed is $\OML/cmm/m/it/12 n$\OT1
/cmr/m/n/12 . The to-tal work per-formed by the \OT1/cmtt/m/n/12 parallel-prefi
x-sum
 []

[45]
Overfull \hbox (18.65593pt too wide) in paragraph at lines 1085--1086
\OT1/cmr/m/n/12 The id-iosyn-crasies of GPU hard-ware make the im-ple-men-ta-ti
on of \OT1/cmtt/m/n/12 parallel-prefix-sums
 []


Underfull \vbox (badness 2600) has occurred while \output is active []

 [46]
[47]
Underfull \hbox (badness 10000) in paragraph at lines 1131--1132
[]\OT1/cmtt/m/n/12 prefix_-sums(p_-sums_-mem, level, elem_-count, g_-
 []


Underfull \hbox (badness 10000) in paragraph at lines 1140--1141
[] []\OT1/cmr/m/n/12 execute \OT1/cmtt/m/n/12 segment_-sums(p_-sums_-mem[level]
, p_-sums_-mem[level+1],
 []


Overfull \hbox (200.3501pt too wide) in paragraph at lines 1143--1145
[] []\OT1/cmr/m/n/12 execute []
 []


Underfull \hbox (badness 2865) in paragraph at lines 1149--1150
[] []\OT1/cmr/m/n/12 execute [] with a
 []


LaTeX Warning: `!h' float specifier changed to `!ht'.

[48]

LaTeX Warning: Text page 49 contains only floats.


Underfull \vbox (badness 7595) has occurred while \output is active []

 [49]
[50

]
Chapter 5.
[51] [52] [53] [54] [55] [56] [57] [58] [59] [60]
<APSPgraph.pdf, id=531, 505.89pt x 505.89pt>
File: APSPgraph.pdf Graphic file (type pdf)
 <use APSPgraph.pdf>
Package pdftex.def Info: APSPgraph.pdf used on input line 1471.
(pdftex.def)             Requested size: 379.41655pt x 379.41655pt.


LaTeX Warning: `!h' float specifier changed to `!ht'.

[61

] [62 <./APSPgraph.pdf>] [63] (./thesis.aux)

LaTeX Warning: There were multiply-defined labels.

 ) 
Here is how much of TeX's memory you used:
 3724 strings out of 493633
 49021 string characters out of 3143378
 115829 words of memory out of 3000000
 6909 multiletter control sequences out of 15000+200000
 13612 words of font info for 56 fonts, out of 3000000 for 9000
 831 hyphenation exceptions out of 8191
 38i,11n,45p,1320b,560s stack positions out of 5000i,500n,10000p,200000b,50000s
</usr/local/texlive/2011/texmf-dist/fonts/type1/public/amsfonts/cm/cmbx12.pfb
></usr/local/texlive/2011/texmf-dist/fonts/type1/public/amsfonts/cm/cmex10.pfb>
</usr/local/texlive/2011/texmf-dist/fonts/type1/public/amsfonts/cm/cmmi10.pfb><
/usr/local/texlive/2011/texmf-dist/fonts/type1/public/amsfonts/cm/cmmi12.pfb></
usr/local/texlive/2011/texmf-dist/fonts/type1/public/amsfonts/cm/cmmi5.pfb></us
r/local/texlive/2011/texmf-dist/fonts/type1/public/amsfonts/cm/cmmi6.pfb></usr/
local/texlive/2011/texmf-dist/fonts/type1/public/amsfonts/cm/cmmi7.pfb></usr/lo
cal/texlive/2011/texmf-dist/fonts/type1/public/amsfonts/cm/cmmi8.pfb></usr/loca
l/texlive/2011/texmf-dist/fonts/type1/public/amsfonts/cm/cmr10.pfb></usr/local/
texlive/2011/texmf-dist/fonts/type1/public/amsfonts/cm/cmr12.pfb></usr/local/te
xlive/2011/texmf-dist/fonts/type1/public/amsfonts/cm/cmr6.pfb></usr/local/texli
ve/2011/texmf-dist/fonts/type1/public/amsfonts/cm/cmr7.pfb></usr/local/texlive/
2011/texmf-dist/fonts/type1/public/amsfonts/cm/cmr8.pfb></usr/local/texlive/201
1/texmf-dist/fonts/type1/public/amsfonts/cm/cmsl12.pfb></usr/local/texlive/2011
/texmf-dist/fonts/type1/public/amsfonts/cm/cmsy10.pfb></usr/local/texlive/2011/
texmf-dist/fonts/type1/public/amsfonts/cm/cmsy7.pfb></usr/local/texlive/2011/te
xmf-dist/fonts/type1/public/amsfonts/cm/cmsy8.pfb></usr/local/texlive/2011/texm
f-dist/fonts/type1/public/amsfonts/cm/cmti12.pfb></usr/local/texlive/2011/texmf
-dist/fonts/type1/public/amsfonts/cm/cmtt12.pfb></usr/local/texlive/2011/texmf-
dist/fonts/type1/public/amsfonts/symbols/msbm10.pfb>
Output written on thesis.pdf (69 pages, 2669398 bytes).
PDF statistics:
 690 PDF objects out of 1000 (max. 8388607)
 389 compressed objects within 4 object streams
 0 named destinations out of 1000 (max. 500000)
 71 words of extra memory for PDF output out of 10000 (max. 10000000)

